#-----------------------------------------------------------
# Vivado v2025.2 (64-bit)
# SW Build 6299465 on Fri Nov 14 19:35:11 GMT 2025
# IP Build 6300035 on Fri Nov 14 10:48:45 MST 2025
# SharedData Build 6298862 on Thu Nov 13 04:50:51 MST 2025
# Start of session at: Fri Jun 12 14:37:35 2026
# Process ID         : 9736
# Current directory  : C:/Users/Administrator/Documents/FYP_Docs/RISCV_SNN
# Command line       : vivado.exe -mode batch -source check_ila.tcl -journal ila_journal.jou -log ila_run.log
# Log file           : C:/Users/Administrator/Documents/FYP_Docs/RISCV_SNN/ila_run.log
# Journal file       : C:/Users/Administrator/Documents/FYP_Docs/RISCV_SNN\ila_journal.jou
# Running On         : LAPTOP-3DEM65C9
# Platform           : Windows Server 2016 or Windows 10
# Operating System   : 26200
# Processor Detail   : AMD Ryzen 7 4800H with Radeon Graphics         
# CPU Frequency      : 2895 MHz
# CPU Physical cores : 8
# CPU Logical cores  : 16
# Host memory        : 16558 MB
# Swap memory        : 25769 MB
# Total Virtual      : 42328 MB
# Available Virtual  : 30012 MB
#-----------------------------------------------------------
source check_ila.tcl
# set PROJ_ROOT [file dirname [info script]]
# open_hw_manager
open_hw_manager: Time (s): cpu = 00:00:10 ; elapsed = 00:00:07 . Memory (MB): peak = 538.062 ; gain = 223.992
# connect_hw_server -url localhost:3121 -allow_non_jtag
INFO: [Labtools 27-2285] Connecting to hw_server url TCP:localhost:3121
INFO: [Labtools 27-3415] Connecting to cs_server url TCP:localhost:0
INFO: [Labtools 27-3417] Launching cs_server...
INFO: [Labtools 27-2221] Launch Output:


******** Xilinx cs_server v2025.2.0
  ****** Build date   : Nov 14 2025-07:16:52
    **** Build number : 2025.2.1763075812
      ** Copyright 2017-2022 Xilinx, Inc. All Rights Reserved.
      ** Copyright 2022-2026 Advanced Micro Devices, Inc. All Rights Reserved.



# set_property PARAM.FREQUENCY 500000 [lindex [get_hw_targets] 0]
# open_hw_target
INFO: [Labtoolstcl 44-466] Opening hw_target localhost:3121/xilinx_tcf/Digilent/210299A1F551
# set dev [lindex [get_hw_devices xc7z030*] 0]
# current_hw_device $dev
# set_property PROBES.FILE [file join $PROJ_ROOT RISCV_SNN.runs impl_1 riscv_top.ltx] $dev
# set_property FULL_PROBES.FILE [file join $PROJ_ROOT RISCV_SNN.runs impl_1 riscv_top.ltx] $dev
# refresh_hw_device $dev
INFO: [Labtools 27-2302] Device xc7z030 (JTAG device index = 1) is programmed with a design that has 1 ILA core(s).
# set ila [lindex [get_hw_ilas] 0]
# puts "ILA: $ila"
ILA: hw_ila_1
# set_property CONTROL.TRIGGER_POSITION 0 $ila
# run_hw_ila $ila -trigger_now
INFO: [Labtools 27-1964] The ILA core 'hw_ila_1' trigger was armed at 2026-Jun-12 14:37:52
# wait_on_hw_ila $ila
# upload_hw_ila_data $ila
INFO: [Labtools 27-1966] The ILA core 'hw_ila_1' triggered at 2026-Jun-12 14:37:52
# write_hw_ila_data -force -csv_file [file join $PROJ_ROOT ila_now.csv] hw_ila_data_1
# puts "\[OK\] immediate capture -> ila_now.csv"
[OK] immediate capture -> ila_now.csv
# set p_uart [get_hw_probes *dbg_uart_addr* -of_objects $ila]
# set_property TRIGGER_COMPARE_VALUE eq1'b1 $p_uart
# set_property CONTROL.TRIGGER_POSITION 256 $ila
# run_hw_ila $ila
INFO: [Labtools 27-1964] The ILA core 'hw_ila_1' trigger was armed at 2026-Jun-12 14:37:53
# puts "\[OK\] ILA armed on dbg_uart_addr==1, restarting CPU..."
[OK] ILA armed on dbg_uart_addr==1, restarting CPU...
# set xs [file join $PROJ_ROOT _restart_cpu.tcl]
# set fh [open $xs w]
# puts $fh "connect"
# puts $fh "targets -set -filter {name =~ \"APU*\"}"
# puts $fh "source {$PROJ_ROOT/RISCV_SNN.gen/sources_1/bd/ps_stub/ip/ps_stub_ps7_0_0/ps7_init.tcl}"
# puts $fh "ps7_init"
# puts $fh "ps7_post_config"
# puts $fh "disconnect"
# close $fh
# catch {exec xsdb $xs} out
# puts "xsdb: $out"
xsdb: 
# set fired 0
# for {set i 0} {$i < 30} {incr i} {
#     set st [get_property CONTROL.CAPTURE_STATUS.STATE $ila]
#     if {$st eq "IDLE"} { set fired 1; break }
#     after 2000
#     refresh_hw_device -quiet $dev
# }
ERROR: [Labtoolstcl 44-155] hw_ila [hw_ila_1] does not have a [CONTROL.CAPTURE_STATUS.STATE] property
INFO: [Common 17-206] Exiting Vivado at Fri Jun 12 14:37:55 2026...
