#-----------------------------------------------------------
# Vivado v2025.2 (64-bit)
# SW Build 6299465 on Fri Nov 14 19:35:11 GMT 2025
# IP Build 6300035 on Fri Nov 14 10:48:45 MST 2025
# SharedData Build 6298862 on Thu Nov 13 04:50:51 MST 2025
# Start of session at: Mon Jun 15 10:24:50 2026
# Process ID         : 14732
# Current directory  : C:/Users/Administrator/Documents/FYP_Docs/RISCV_SNN
# Command line       : vivado.exe -mode batch -source program_and_capture.tcl -log program_and_capture.log -journal program_and_capture.jou -notrace
# Log file           : C:/Users/Administrator/Documents/FYP_Docs/RISCV_SNN/program_and_capture.log
# Journal file       : C:/Users/Administrator/Documents/FYP_Docs/RISCV_SNN\program_and_capture.jou
# Running On         : LAPTOP-3DEM65C9
# Platform           : Windows Server 2016 or Windows 10
# Operating System   : 26200
# Processor Detail   : AMD Ryzen 7 4800H with Radeon Graphics         
# CPU Frequency      : 2895 MHz
# CPU Physical cores : 8
# CPU Logical cores  : 16
# Host memory        : 16558 MB
# Swap memory        : 25769 MB
# Total Virtual      : 42328 MB
# Available Virtual  : 28016 MB
#-----------------------------------------------------------
source program_and_capture.tcl -notrace
open_hw_manager: Time (s): cpu = 00:00:11 ; elapsed = 00:00:07 . Memory (MB): peak = 534.547 ; gain = 222.266
INFO: [Labtools 27-2285] Connecting to hw_server url TCP:localhost:3121
INFO: [Labtools 27-2222] Launching hw_server...
INFO: [Labtools 27-2221] Launch Output:

****** Xilinx hw_server v2025.2
  **** Build date : Oct 28 2025 at 10:03:13
    ** Copyright 1986-2022 Xilinx, Inc. All Rights Reserved.


INFO: [Labtools 27-3415] Connecting to cs_server url TCP:localhost:0
INFO: [Labtools 27-3417] Launching cs_server...
INFO: [Labtools 27-2221] Launch Output:


******** Xilinx cs_server v2025.2.0
  ****** Build date   : Nov 14 2025-07:16:52
    **** Build number : 2025.2.1763075812
      ** Copyright 2017-2022 Xilinx, Inc. All Rights Reserved.
      ** Copyright 2022-2026 Advanced Micro Devices, Inc. All Rights Reserved.



connect_hw_server: Time (s): cpu = 00:00:00 ; elapsed = 00:00:07 . Memory (MB): peak = 538.496 ; gain = 3.949
INFO: [Labtoolstcl 44-466] Opening hw_target localhost:3121/xilinx_tcf/Digilent/210299A1F551
INFO: [Labtools 27-3164] End of startup status: HIGH
program_hw_devices: Time (s): cpu = 00:00:10 ; elapsed = 00:00:10 . Memory (MB): peak = 540.832 ; gain = 0.000
[OK] PL programmed
Running ps7_init via xsdb...
[OK] ps7_init done — FCLK0 running, CPU active
INFO: [Labtools 27-2302] Device xc7z030 (JTAG device index = 1) is programmed with a design that has 1 ILA core(s).
INFO: [Labtools 27-1964] The ILA core 'hw_ila_1' trigger was armed at 2026-Jun-15 10:25:22
ILA armed (capture-qualified on uart_tx_valid). Waiting 4 min...
wait_on_hw_ila: Time (s): cpu = 00:00:00 ; elapsed = 00:04:00 . Memory (MB): peak = 598.312 ; gain = 0.035
INFO: [Labtools 27-1965] The ILA core 'hw_ila_1' trigger was stopped by user at 2026-Jun-15 10:29:22
INFO: [Labtools 27-2213] The ILA core 'hw_ila_1' captured one window with '484' samples.
RESULT: ila_uart_chars.csv written
INFO: [Common 17-206] Exiting Vivado at Mon Jun 15 10:29:22 2026...
