
****** Vivado v2025.2 (64-bit)
  **** SW Build 6299465 on Fri Nov 14 19:35:11 GMT 2025
  **** IP Build 6300035 on Fri Nov 14 10:48:45 MST 2025
  **** SharedData Build 6298862 on Thu Nov 13 04:50:51 MST 2025
  **** Start of session at: Mon Jun 15 15:54:34 2026
    ** Copyright 1986-2022 Xilinx, Inc. All Rights Reserved.
    ** Copyright 2022-2025 Advanced Micro Devices, Inc. All Rights Reserved.

source program_and_capture_pc.tcl
# set PROJ_ROOT [file dirname [info script]]
# set IMPL_DIR  [file join $PROJ_ROOT RISCV_SNN.runs impl_1]
# set BITFILE   [file join $IMPL_DIR riscv_top.bit]
# set LTXFILE   [file join $IMPL_DIR riscv_top.ltx]
# set PS7_INIT  [file join $PROJ_ROOT RISCV_SNN.gen sources_1 bd ps_stub ip \
#                    ps_stub_ps7_0_0 ps7_init.tcl]
# open_hw_manager
open_hw_manager: Time (s): cpu = 00:00:11 ; elapsed = 00:00:07 . Memory (MB): peak = 535.305 ; gain = 222.953
# connect_hw_server -url localhost:3121 -allow_non_jtag
INFO: [Labtools 27-2285] Connecting to hw_server url TCP:localhost:3121
INFO: [Labtools 27-2222] Launching hw_server...
INFO: [Labtools 27-2221] Launch Output:

****** Xilinx hw_server v2025.2
  **** Build date : Oct 28 2025 at 10:03:13
    ** Copyright 1986-2022 Xilinx, Inc. All Rights Reserved.


INFO: [Labtools 27-3415] Connecting to cs_server url TCP:localhost:0
INFO: [Labtools 27-3417] Launching cs_server...
INFO: [Labtools 27-2221] Launch Output:


******** Xilinx cs_server v2025.2.0
  ****** Build date   : Nov 14 2025-07:16:52
    **** Build number : 2025.2.1763075812
      ** Copyright 2017-2022 Xilinx, Inc. All Rights Reserved.
      ** Copyright 2022-2026 Advanced Micro Devices, Inc. All Rights Reserved.



connect_hw_server: Time (s): cpu = 00:00:00 ; elapsed = 00:00:07 . Memory (MB): peak = 539.273 ; gain = 3.969
# set_property PARAM.FREQUENCY 500000 [lindex [get_hw_targets] 0]
# open_hw_target
INFO: [Labtoolstcl 44-466] Opening hw_target localhost:3121/xilinx_tcf/Digilent/210299A1F551
# set dev [lindex [get_hw_devices xc7z030*] 0]
# current_hw_device $dev
# set_property PROGRAM.FILE      $BITFILE $dev
# set_property PROBES.FILE       $LTXFILE $dev
# set_property FULL_PROBES.FILE  $LTXFILE $dev
# program_hw_devices $dev
INFO: [Labtools 27-3164] End of startup status: HIGH
program_hw_devices: Time (s): cpu = 00:01:36 ; elapsed = 00:01:36 . Memory (MB): peak = 542.551 ; gain = 0.000
# puts "\[OK\] PL programmed"
[OK] PL programmed
# set xsdb_script [file join $PROJ_ROOT _ps7_init_run.tcl]
# set fh [open $xsdb_script w]
# puts $fh "connect"
# puts $fh "targets -set -filter {name =~ \"APU*\"}"
# puts $fh "source {$PS7_INIT}"
# puts $fh "ps7_init"
# puts $fh "ps7_post_config"
# puts $fh "disconnect"
# close $fh
# puts "Running ps7_init via xsdb..."
Running ps7_init via xsdb...
# catch {exec xsdb $xsdb_script}
# puts "\[OK\] ps7_init invoked"
[OK] ps7_init invoked
# refresh_hw_device $dev
INFO: [Labtools 27-2302] Device xc7z030 (JTAG device index = 1) is programmed with a design that has 1 ILA core(s).
# set ila [lindex [get_hw_ilas] 0]
# set p_rstn  [get_hw_probes *dbg_rstn* -of_objects $ila]
# set_property CONTROL.CAPTURE_MODE ALWAYS $ila
# set_property TRIGGER_COMPARE_VALUE eq1'b1 $p_rstn
# set_property CONTROL.TRIGGER_POSITION 0 $ila
# run_hw_ila $ila
INFO: [Labtools 27-1964] The ILA core 'hw_ila_1' trigger was armed at 2026-Jun-15 15:56:33
# puts "ILA armed (ALWAYS capture, trigger on rstn=1). Waiting 10 s for buffer to fill..."
ILA armed (ALWAYS capture, trigger on rstn=1). Waiting 10 s for buffer to fill...
# after 10000
# catch {wait_on_hw_ila -timeout 1 $ila}
# upload_hw_ila_data $ila
INFO: [Labtools 27-1966] The ILA core 'hw_ila_1' triggered at 2026-Jun-15 15:56:33
# write_hw_ila_data -force [file join $PROJ_ROOT ila_pc_debug.ila] hw_ila_data_1
# write_hw_ila_data -force -csv_file [file join $PROJ_ROOT ila_pc_debug.csv] hw_ila_data_1
# puts "RESULT: ila_pc_debug.csv + .ila written"
RESULT: ila_pc_debug.csv + .ila written
# close_hw_manager
INFO: [Common 17-206] Exiting Vivado at Mon Jun 15 15:56:44 2026...
