#-----------------------------------------------------------
# Vivado v2025.2 (64-bit)
# SW Build 6299465 on Fri Nov 14 19:35:11 GMT 2025
# IP Build 6300035 on Fri Nov 14 10:48:45 MST 2025
# SharedData Build 6298862 on Thu Nov 13 04:50:51 MST 2025
# Start of session at: Mon Jun 15 16:54:42 2026
# Process ID         : 13028
# Current directory  : C:/Users/Administrator/Documents/FYP_Docs/RISCV_SNN
# Command line       : vivado.exe -mode batch -source program_and_capture.tcl
# Log file           : C:/Users/Administrator/Documents/FYP_Docs/RISCV_SNN/vivado.log
# Journal file       : C:/Users/Administrator/Documents/FYP_Docs/RISCV_SNN\vivado.jou
# Running On         : LAPTOP-3DEM65C9
# Platform           : Windows Server 2016 or Windows 10
# Operating System   : 26200
# Processor Detail   : AMD Ryzen 7 4800H with Radeon Graphics         
# CPU Frequency      : 2895 MHz
# CPU Physical cores : 8
# CPU Logical cores  : 16
# Host memory        : 16558 MB
# Swap memory        : 25769 MB
# Total Virtual      : 42328 MB
# Available Virtual  : 24421 MB
#-----------------------------------------------------------
source program_and_capture.tcl
# set PROJ_ROOT [file dirname [info script]]
# set IMPL_DIR  [file join $PROJ_ROOT RISCV_SNN.runs impl_1]
# set BITFILE   [file join $IMPL_DIR riscv_top.bit]
# set LTXFILE   [file join $IMPL_DIR riscv_top.ltx]
# set PS7_INIT  [file join $PROJ_ROOT RISCV_SNN.gen sources_1 bd ps_stub ip \
#                    ps_stub_ps7_0_0 ps7_init.tcl]
# if {![file exists $BITFILE]} { error "Bitfile not found: $BITFILE" }
# open_hw_manager
open_hw_manager: Time (s): cpu = 00:00:11 ; elapsed = 00:00:07 . Memory (MB): peak = 536.469 ; gain = 222.762
# connect_hw_server -url localhost:3121 -allow_non_jtag
INFO: [Labtools 27-2285] Connecting to hw_server url TCP:localhost:3121
INFO: [Labtools 27-2222] Launching hw_server...
INFO: [Labtools 27-2221] Launch Output:

****** Xilinx hw_server v2025.2
  **** Build date : Oct 28 2025 at 10:03:13
    ** Copyright 1986-2022 Xilinx, Inc. All Rights Reserved.


INFO: [Labtools 27-3415] Connecting to cs_server url TCP:localhost:0
INFO: [Labtools 27-3417] Launching cs_server...
INFO: [Labtools 27-2221] Launch Output:


******** Xilinx cs_server v2025.2.0
  ****** Build date   : Nov 14 2025-07:16:52
    **** Build number : 2025.2.1763075812
      ** Copyright 2017-2022 Xilinx, Inc. All Rights Reserved.
      ** Copyright 2022-2026 Advanced Micro Devices, Inc. All Rights Reserved.



connect_hw_server: Time (s): cpu = 00:00:00 ; elapsed = 00:00:06 . Memory (MB): peak = 539.434 ; gain = 2.965
# set_property PARAM.FREQUENCY 500000 [lindex [get_hw_targets] 0]
# open_hw_target
INFO: [Labtoolstcl 44-466] Opening hw_target localhost:3121/xilinx_tcf/Digilent/210299A1F551
# set dev [lindex [get_hw_devices xc7z030*] 0]
# current_hw_device $dev
# set_property PROGRAM.FILE $BITFILE $dev
# set_property PROBES.FILE      $LTXFILE $dev
# set_property FULL_PROBES.FILE $LTXFILE $dev
# program_hw_devices $dev
INFO: [Common 17-41] Interrupt caught. Command should exit soon.
ERROR: [Labtools 27-3165] End of startup status: LOW
program_hw_devices: Time (s): cpu = 00:00:09 ; elapsed = 00:00:18 . Memory (MB): peak = 541.754 ; gain = 0.000
INFO: [Common 17-344] 'program_hw_devices' was cancelled
INFO: [Common 17-344] 'source' was cancelled
INFO: [Common 17-206] Exiting Vivado at Mon Jun 15 16:55:20 2026...
