#-----------------------------------------------------------
# xsim v2025.2 (64-bit)
# SW Build 6299465 on Fri Nov 14 19:35:11 GMT 2025
# IP Build 6300035 on Fri Nov 14 10:48:45 MST 2025
# SharedData Build 6298862 on Thu Nov 13 04:50:51 MST 2025
# Start of session at: Mon Jun  8 22:38:18 2026
# Process ID         : 12516
# Current directory  : C:/Users/Administrator/AppData/Local/Temp/aer_scan_sim
# Command line       : xsim.exe -log aer_scan_sim.log -mode tcl -source {xsim.dir/aer_scan_snap/xsim_script.tcl}
# Log file           : C:/Users/Administrator/AppData/Local/Temp/aer_scan_sim/aer_scan_sim.log
# Journal file       : C:/Users/Administrator/AppData/Local/Temp/aer_scan_sim\xsim.jou
# Running On         : LAPTOP-3DEM65C9
# Platform           : Windows Server 2016 or Windows 10
# Operating System   : 26200
# Processor Detail   : AMD Ryzen 7 4800H with Radeon Graphics         
# CPU Frequency      : 2895 MHz
# CPU Physical cores : 8
# CPU Logical cores  : 16
# Host memory        : 16558 MB
# Swap memory        : 25769 MB
# Total Virtual      : 42328 MB
# Available Virtual  : 26250 MB
#-----------------------------------------------------------
source xsim.dir/aer_scan_snap/xsim_script.tcl
# xsim {aer_scan_snap} -autoloadwcfg -runall
Time resolution is 1 ps
run -all
=== AER_SCAN TB START ===
[TB] Test 1 - 3 pixels: 0, 1, 2
[TB] Success - 3 spikes: 0, 1, 2
[TB] Test 2 - 1 pixel: 100
[TB] Success - 1 spike: pixel 100
[TB] Test 3 - 1 pixel: 783 (last pixel)
[TB] Success - 1 spike: pixel 783
[TB] Test 4 - blank image (no spikes)
[TB] Success - 0 spikes (blank)
[TB] Test 5 - FIFO-full stall (pixels 0,1,2,3) — verify scan_done fires
[TB] Success - FIFO stall resolved, scan_done asserted
=== AER_SCAN TB DONE ===
$finish called at time : 2975 ns : File "C:/Users/Administrator/Documents/FYP_Docs/RISCV_SNN/RISCV_SNN.srcs/sim_1/new/aer_scan_tb_new.sv" Line 134
exit
INFO: [Common 17-206] Exiting xsim at Mon Jun  8 22:38:20 2026...
