#-----------------------------------------------------------
# xsim v2025.2 (64-bit)
# SW Build 6299465 on Fri Nov 14 19:35:11 GMT 2025
# IP Build 6300035 on Fri Nov 14 10:48:45 MST 2025
# SharedData Build 6298862 on Thu Nov 13 04:50:51 MST 2025
# Start of session at: Mon Jun  8 22:41:08 2026
# Process ID         : 17844
# Current directory  : C:/Users/Administrator/AppData/Local/Temp/snn_ctrl_sim
# Command line       : xsim.exe -log snn_ctrl_sim.log -mode tcl -source {xsim.dir/snn_ctrl_snap/xsim_script.tcl}
# Log file           : C:/Users/Administrator/AppData/Local/Temp/snn_ctrl_sim/snn_ctrl_sim.log
# Journal file       : C:/Users/Administrator/AppData/Local/Temp/snn_ctrl_sim\xsim.jou
# Running On         : LAPTOP-3DEM65C9
# Platform           : Windows Server 2016 or Windows 10
# Operating System   : 26200
# Processor Detail   : AMD Ryzen 7 4800H with Radeon Graphics         
# CPU Frequency      : 2895 MHz
# CPU Physical cores : 8
# CPU Logical cores  : 16
# Host memory        : 16558 MB
# Swap memory        : 25769 MB
# Total Virtual      : 42328 MB
# Available Virtual  : 26158 MB
#-----------------------------------------------------------
source xsim.dir/snn_ctrl_snap/xsim_script.tcl
# xsim {snn_ctrl_snap} -autoloadwcfg -runall
Time resolution is 1 ps
run -all
=== SNN_CTRL TB START ===
[TB] Test 1 - Single L1 pixel addr=42, expect RAM 42*8..42*8+7, stp 0..7
[TB] Success - RAM addrs 336..343, stp_idx 0..7 correct
[TB] Test 2 - Pixel addr=0, expect RAM 0..7
[TB] Success - RAM addrs 0..7 correct
[TB] Test 3 - Pixel addr=783, expect RAM 6264..6271
[TB] Success - RAM addrs 6264..6271 correct
[TB] Test 4 - Two pixels (10 then 20), both processed in sequence
[TB] Success - Both pixels produced correct RAM sequences
=== SNN_CTRL TB DONE ===
$finish called at time : 3835 ns : File "C:/Users/Administrator/Documents/FYP_Docs/RISCV_SNN/RISCV_SNN.srcs/sim_1/new/snn_ctrl_tb.sv" Line 171
exit
INFO: [Common 17-206] Exiting xsim at Mon Jun  8 22:41:10 2026...
