#-----------------------------------------------------------
# xsim v2025.2 (64-bit)
# SW Build 6299465 on Fri Nov 14 19:35:11 GMT 2025
# IP Build 6300035 on Fri Nov 14 10:48:45 MST 2025
# SharedData Build 6298862 on Thu Nov 13 04:50:51 MST 2025
# Start of session at: Mon Jun  8 21:28:19 2026
# Process ID         : 17036
# Current directory  : C:/Users/Administrator/Documents/FYP_Docs/RISCV_SNN/sim_out
# Command line       : xsim.exe -mode tcl -source {xsim.dir/aer_scan_snap/xsim_script.tcl}
# Log file           : C:/Users/Administrator/Documents/FYP_Docs/RISCV_SNN/sim_out/xsim.log
# Journal file       : C:/Users/Administrator/Documents/FYP_Docs/RISCV_SNN/sim_out\xsim.jou
# Running On         : LAPTOP-3DEM65C9
# Platform           : Windows Server 2016 or Windows 10
# Operating System   : 26200
# Processor Detail   : AMD Ryzen 7 4800H with Radeon Graphics         
# CPU Frequency      : 2895 MHz
# CPU Physical cores : 8
# CPU Logical cores  : 16
# Host memory        : 16558 MB
# Swap memory        : 25769 MB
# Total Virtual      : 42328 MB
# Available Virtual  : 28360 MB
#-----------------------------------------------------------
source xsim.dir/aer_scan_snap/xsim_script.tcl
# xsim {aer_scan_snap} -autoloadwcfg -runall
Time resolution is 1 ps
run -all
=== AER_SCAN TB START ===

=== SCAN: 3 pixels: 0,1,2 ===
[AER_SCAN @55000] SCAN START - requesting chunk 0
[AER_SCAN @65000] CHUNK RECV  #0 = 00000007
[AER_SCAN @75000] SPIKE EMIT  pxl=0  (chunk=0 bit=0)
[TB      @85000] Spike #1  pxl=0
[AER_SCAN @85000] SPIKE EMIT  pxl=1  (chunk=0 bit=1)
[TB      @95000] Spike #2  pxl=1
[AER_SCAN @95000] SPIKE EMIT  pxl=2  (chunk=0 bit=2)
[TB      @105000] Spike #3  pxl=2
[AER_SCAN @115000] CHUNK RECV  #1 = 00000000
[AER_SCAN @135000] CHUNK RECV  #2 = 00000000
[AER_SCAN @155000] CHUNK RECV  #3 = 00000000
[AER_SCAN @175000] CHUNK RECV  #4 = 00000000
[AER_SCAN @195000] CHUNK RECV  #5 = 00000000
[AER_SCAN @215000] CHUNK RECV  #6 = 00000000
[AER_SCAN @235000] CHUNK RECV  #7 = 00000000
[AER_SCAN @255000] CHUNK RECV  #8 = 00000000
[AER_SCAN @275000] CHUNK RECV  #9 = 00000000
[AER_SCAN @295000] CHUNK RECV  #10 = 00000000
[AER_SCAN @315000] CHUNK RECV  #11 = 00000000
[AER_SCAN @335000] CHUNK RECV  #12 = 00000000
[AER_SCAN @355000] CHUNK RECV  #13 = 00000000
[AER_SCAN @375000] CHUNK RECV  #14 = 00000000
[AER_SCAN @395000] CHUNK RECV  #15 = 00000000
[AER_SCAN @415000] CHUNK RECV  #16 = 00000000
[AER_SCAN @435000] CHUNK RECV  #17 = 00000000
[AER_SCAN @455000] CHUNK RECV  #18 = 00000000
[AER_SCAN @475000] CHUNK RECV  #19 = 00000000
[AER_SCAN @495000] CHUNK RECV  #20 = 00000000
[AER_SCAN @515000] CHUNK RECV  #21 = 00000000
[AER_SCAN @535000] CHUNK RECV  #22 = 00000000
[AER_SCAN @555000] CHUNK RECV  #23 = 00000000
[AER_SCAN @575000] CHUNK RECV  #24 = 00000000
[AER_SCAN @585000] SCAN DONE (all 25 chunks processed)
[TB      @595000] scan_done asserted — total spikes=3

=== SCAN: 1 pixel: 100 ===
[AER_SCAN @655000] SCAN START - requesting chunk 0
[AER_SCAN @665000] CHUNK RECV  #0 = 00000000
[AER_SCAN @685000] CHUNK RECV  #1 = 00000000
[AER_SCAN @705000] CHUNK RECV  #2 = 00000000
[AER_SCAN @725000] CHUNK RECV  #3 = 00000010
[AER_SCAN @735000] SPIKE EMIT  pxl=4  (chunk=3 bit=4)
[TB      @745000] Spike #1  pxl=100
[AER_SCAN @755000] CHUNK RECV  #4 = 00000000
[AER_SCAN @775000] CHUNK RECV  #5 = 00000000
[AER_SCAN @795000] CHUNK RECV  #6 = 00000000
[AER_SCAN @815000] CHUNK RECV  #7 = 00000000
[AER_SCAN @835000] CHUNK RECV  #8 = 00000000
[AER_SCAN @855000] CHUNK RECV  #9 = 00000000
[AER_SCAN @875000] CHUNK RECV  #10 = 00000000
[AER_SCAN @895000] CHUNK RECV  #11 = 00000000
[AER_SCAN @915000] CHUNK RECV  #12 = 00000000
[AER_SCAN @935000] CHUNK RECV  #13 = 00000000
[AER_SCAN @955000] CHUNK RECV  #14 = 00000000
[AER_SCAN @975000] CHUNK RECV  #15 = 00000000
[AER_SCAN @995000] CHUNK RECV  #16 = 00000000
[AER_SCAN @1015000] CHUNK RECV  #17 = 00000000
[AER_SCAN @1035000] CHUNK RECV  #18 = 00000000
[AER_SCAN @1055000] CHUNK RECV  #19 = 00000000
[AER_SCAN @1075000] CHUNK RECV  #20 = 00000000
[AER_SCAN @1095000] CHUNK RECV  #21 = 00000000
[AER_SCAN @1115000] CHUNK RECV  #22 = 00000000
[AER_SCAN @1135000] CHUNK RECV  #23 = 00000000
[AER_SCAN @1155000] CHUNK RECV  #24 = 00000000
[AER_SCAN @1165000] SCAN DONE (all 25 chunks processed)
[TB      @1175000] scan_done asserted — total spikes=1

=== SCAN: 1 pixel: 783 (last) ===
[AER_SCAN @1235000] SCAN START - requesting chunk 0
[AER_SCAN @1245000] CHUNK RECV  #0 = 00000000
[AER_SCAN @1265000] CHUNK RECV  #1 = 00000000
[AER_SCAN @1285000] CHUNK RECV  #2 = 00000000
[AER_SCAN @1305000] CHUNK RECV  #3 = 00000000
[AER_SCAN @1325000] CHUNK RECV  #4 = 00000000
[AER_SCAN @1345000] CHUNK RECV  #5 = 00000000
[AER_SCAN @1365000] CHUNK RECV  #6 = 00000000
[AER_SCAN @1385000] CHUNK RECV  #7 = 00000000
[AER_SCAN @1405000] CHUNK RECV  #8 = 00000000
[AER_SCAN @1425000] CHUNK RECV  #9 = 00000000
[AER_SCAN @1445000] CHUNK RECV  #10 = 00000000
[AER_SCAN @1465000] CHUNK RECV  #11 = 00000000
[AER_SCAN @1485000] CHUNK RECV  #12 = 00000000
[AER_SCAN @1505000] CHUNK RECV  #13 = 00000000
[AER_SCAN @1525000] CHUNK RECV  #14 = 00000000
[AER_SCAN @1545000] CHUNK RECV  #15 = 00000000
[AER_SCAN @1565000] CHUNK RECV  #16 = 00000000
[AER_SCAN @1585000] CHUNK RECV  #17 = 00000000
[AER_SCAN @1605000] CHUNK RECV  #18 = 00000000
[AER_SCAN @1625000] CHUNK RECV  #19 = 00000000
[AER_SCAN @1645000] CHUNK RECV  #20 = 00000000
[AER_SCAN @1665000] CHUNK RECV  #21 = 00000000
[AER_SCAN @1685000] CHUNK RECV  #22 = 00000000
[AER_SCAN @1705000] CHUNK RECV  #23 = 00000000
[AER_SCAN @1725000] CHUNK RECV  #24 = 00008000
[AER_SCAN @1735000] SPIKE EMIT  pxl=15  (chunk=24 bit=15)
[TB      @1745000] Spike #1  pxl=783
[AER_SCAN @1745000] SCAN DONE (all 25 chunks processed)
[TB      @1755000] scan_done asserted — total spikes=1

=== SCAN: 4 pixels: 0,64,200,500 ===
[AER_SCAN @1815000] SCAN START - requesting chunk 0
[AER_SCAN @1825000] CHUNK RECV  #0 = 00000001
[AER_SCAN @1835000] SPIKE EMIT  pxl=0  (chunk=0 bit=0)
[TB      @1845000] Spike #1  pxl=0
[AER_SCAN @1855000] CHUNK RECV  #1 = 00000000
[AER_SCAN @1875000] CHUNK RECV  #2 = 00000001
[AER_SCAN @1885000] SPIKE EMIT  pxl=0  (chunk=2 bit=0)
[TB      @1895000] Spike #2  pxl=64
[AER_SCAN @1905000] CHUNK RECV  #3 = 00000000
[AER_SCAN @1925000] CHUNK RECV  #4 = 00000000
[AER_SCAN @1945000] CHUNK RECV  #5 = 00000000
[AER_SCAN @1965000] CHUNK RECV  #6 = 00000100
[AER_SCAN @1975000] SPIKE EMIT  pxl=8  (chunk=6 bit=8)
[TB      @1985000] Spike #3  pxl=200
[AER_SCAN @1995000] CHUNK RECV  #7 = 00000000
[AER_SCAN @2015000] CHUNK RECV  #8 = 00000000
[AER_SCAN @2035000] CHUNK RECV  #9 = 00000000
[AER_SCAN @2055000] CHUNK RECV  #10 = 00000000
[AER_SCAN @2075000] CHUNK RECV  #11 = 00000000
[AER_SCAN @2095000] CHUNK RECV  #12 = 00000000
[AER_SCAN @2115000] CHUNK RECV  #13 = 00000000
[AER_SCAN @2135000] CHUNK RECV  #14 = 00000000
[AER_SCAN @2155000] CHUNK RECV  #15 = 00100000
[AER_SCAN @2165000] SPIKE EMIT  pxl=20  (chunk=15 bit=20)
[TB      @2175000] Spike #4  pxl=500
[AER_SCAN @2185000] CHUNK RECV  #16 = 00000000
[AER_SCAN @2205000] CHUNK RECV  #17 = 00000000
[AER_SCAN @2225000] CHUNK RECV  #18 = 00000000
[AER_SCAN @2245000] CHUNK RECV  #19 = 00000000
[AER_SCAN @2265000] CHUNK RECV  #20 = 00000000
[AER_SCAN @2285000] CHUNK RECV  #21 = 00000000
[AER_SCAN @2305000] CHUNK RECV  #22 = 00000000
[AER_SCAN @2325000] CHUNK RECV  #23 = 00000000
[AER_SCAN @2345000] CHUNK RECV  #24 = 00000000
[AER_SCAN @2355000] SCAN DONE (all 25 chunks processed)
[TB      @2365000] scan_done asserted — total spikes=4

=== SCAN: FIFO-FULL stall test ===
[AER_SCAN @2425000] SCAN START - requesting chunk 0
[AER_SCAN @2435000] CHUNK RECV  #0 = 0000000f
[AER_SCAN @2445000] SPIKE EMIT  pxl=0  (chunk=0 bit=0)
[TB      @2455000] Spike #1  pxl=0
[AER_SCAN @2455000] SPIKE EMIT  pxl=1  (chunk=0 bit=1)
[TB      @2465000] Spike #2  pxl=1
[AER_SCAN @2465000] SPIKE EMIT  pxl=2  (chunk=0 bit=2)
[TB      @2475000] Spike #3  pxl=2
[AER_SCAN @2475000] SPIKE EMIT  pxl=3  (chunk=0 bit=3)
[TB      @2485000] Spike #4  pxl=3
[TB      @2495000] Spike #5  pxl=3
[TB      @2505000] Spike #6  pxl=3
[TB      @2515000] Spike #7  pxl=3
[TB      @2525000] Spike #8  pxl=3
[TB      @2535000] Spike #9  pxl=3
[TB      @2545000] Spike #10  pxl=3
[TB      @2555000] Spike #11  pxl=3
[TB      @2565000] Spike #12  pxl=3
[TB      @2575000] Spike #13  pxl=3
[TB      @2585000] Spike #14  pxl=3
[AER_SCAN @2595000] CHUNK RECV  #1 = 00000000
[AER_SCAN @2615000] CHUNK RECV  #2 = 00000000
[AER_SCAN @2635000] CHUNK RECV  #3 = 00000000
[AER_SCAN @2655000] CHUNK RECV  #4 = 00000000
[AER_SCAN @2675000] CHUNK RECV  #5 = 00000000
[AER_SCAN @2695000] CHUNK RECV  #6 = 00000000
[AER_SCAN @2715000] CHUNK RECV  #7 = 00000000
[AER_SCAN @2735000] CHUNK RECV  #8 = 00000000
[AER_SCAN @2755000] CHUNK RECV  #9 = 00000000
[AER_SCAN @2775000] CHUNK RECV  #10 = 00000000
[AER_SCAN @2795000] CHUNK RECV  #11 = 00000000
[AER_SCAN @2815000] CHUNK RECV  #12 = 00000000
[AER_SCAN @2835000] CHUNK RECV  #13 = 00000000
[AER_SCAN @2855000] CHUNK RECV  #14 = 00000000
[AER_SCAN @2875000] CHUNK RECV  #15 = 00000000
[AER_SCAN @2895000] CHUNK RECV  #16 = 00000000
[AER_SCAN @2915000] CHUNK RECV  #17 = 00000000
[AER_SCAN @2935000] CHUNK RECV  #18 = 00000000
[AER_SCAN @2955000] CHUNK RECV  #19 = 00000000
[AER_SCAN @2975000] CHUNK RECV  #20 = 00000000
[AER_SCAN @2995000] CHUNK RECV  #21 = 00000000
[AER_SCAN @3015000] CHUNK RECV  #22 = 00000000
[AER_SCAN @3035000] CHUNK RECV  #23 = 00000000
[AER_SCAN @3055000] CHUNK RECV  #24 = 00000000
[AER_SCAN @3065000] SCAN DONE (all 25 chunks processed)
[TB] Stall test done, spikes=14
[TB      @3075000] scan_done asserted — total spikes=14

=== AER_SCAN TB DONE ===
$finish called at time : 3115 ns : File "C:/Users/Administrator/Documents/FYP_Docs/RISCV_SNN/RISCV_SNN.srcs/sim_1/new/aer_scan_tb_new.sv" Line 125
exit
INFO: [Common 17-206] Exiting xsim at Mon Jun  8 21:28:21 2026...
