Copyright 1986-2022 Xilinx, Inc. All Rights Reserved. Copyright 2022-2025 Advanced Micro Devices, Inc. All Rights Reserved.
---------------------------------------------------------------------------------------------------------------------------------------------
| Tool Version : Vivado v.2025.2 (win64) Build 6299465 Fri Nov 14 19:35:11 GMT 2025
| Date         : Mon Jun 15 21:30:27 2026
| Host         : LAPTOP-3DEM65C9 running 64-bit major release  (build 9200)
| Command      : report_drc -file riscv_top_drc_opted.rpt -pb riscv_top_drc_opted.pb -rpx riscv_top_drc_opted.rpx
| Design       : riscv_top
| Device       : xc7z030sbg485-1
| Speed File   : -1
| Design State : Synthesized
---------------------------------------------------------------------------------------------------------------------------------------------

Report DRC

Table of Contents
-----------------
1. REPORT SUMMARY
2. REPORT DETAILS

1. REPORT SUMMARY
-----------------
            Netlist: netlist
          Floorplan: design_1
      Design limits: <entire design considered>
           Ruledeck: default
             Max checks: <unlimited>
             Checks found: 42
+-----------+----------+----------------------------+--------+
| Rule      | Severity | Description                | Checks |
+-----------+----------+----------------------------+--------+
| CHECK-3   | Warning  | Report rule limit reached  | 2      |
| REQP-1839 | Warning  | RAMB36 async control check | 20     |
| REQP-1840 | Warning  | RAMB18 async control check | 20     |
+-----------+----------+----------------------------+--------+

2. REPORT DETAILS
-----------------
CHECK-3#1 Warning
Report rule limit reached  
REQP-1839 rule limit reached: 20 violations have been found.
Related violations: <none>

CHECK-3#2 Warning
Report rule limit reached  
REQP-1840 rule limit reached: 20 violations have been found.
Related violations: <none>

REQP-1839#1 Warning
RAMB36 async control check  
The RAMB36E1 snn/weight_ram/mem_reg_0 has an input control pin snn/weight_ram/mem_reg_0/ADDRARDADDR[10] (net: snn/weight_ram/Q[8]) which is driven by a register (snn/lu1/ram_addr_o_reg[8]) that has an active asychronous set or reset. This may cause corruption of the memory contents and/or read values when the set/reset is asserted and is not analyzed by the default static timing analysis. It is suggested to eliminate the use of a set/reset to registers driving this RAMB pin or else use a synchronous reset in which the assertion of the reset is timed by default.
Related violations: <none>

REQP-1839#2 Warning
RAMB36 async control check  
The RAMB36E1 snn/weight_ram/mem_reg_0 has an input control pin snn/weight_ram/mem_reg_0/ADDRARDADDR[11] (net: snn/weight_ram/Q[9]) which is driven by a register (snn/lu1/ram_addr_o_reg[9]) that has an active asychronous set or reset. This may cause corruption of the memory contents and/or read values when the set/reset is asserted and is not analyzed by the default static timing analysis. It is suggested to eliminate the use of a set/reset to registers driving this RAMB pin or else use a synchronous reset in which the assertion of the reset is timed by default.
Related violations: <none>

REQP-1839#3 Warning
RAMB36 async control check  
The RAMB36E1 snn/weight_ram/mem_reg_0 has an input control pin snn/weight_ram/mem_reg_0/ADDRARDADDR[12] (net: snn/weight_ram/Q[10]) which is driven by a register (snn/lu1/ram_addr_o_reg[10]) that has an active asychronous set or reset. This may cause corruption of the memory contents and/or read values when the set/reset is asserted and is not analyzed by the default static timing analysis. It is suggested to eliminate the use of a set/reset to registers driving this RAMB pin or else use a synchronous reset in which the assertion of the reset is timed by default.
Related violations: <none>

REQP-1839#4 Warning
RAMB36 async control check  
The RAMB36E1 snn/weight_ram/mem_reg_0 has an input control pin snn/weight_ram/mem_reg_0/ADDRARDADDR[13] (net: snn/weight_ram/Q[11]) which is driven by a register (snn/lu1/ram_addr_o_reg[11]) that has an active asychronous set or reset. This may cause corruption of the memory contents and/or read values when the set/reset is asserted and is not analyzed by the default static timing analysis. It is suggested to eliminate the use of a set/reset to registers driving this RAMB pin or else use a synchronous reset in which the assertion of the reset is timed by default.
Related violations: <none>

REQP-1839#5 Warning
RAMB36 async control check  
The RAMB36E1 snn/weight_ram/mem_reg_0 has an input control pin snn/weight_ram/mem_reg_0/ADDRARDADDR[14] (net: snn/weight_ram/Q[12]) which is driven by a register (snn/lu1/ram_addr_o_reg[12]) that has an active asychronous set or reset. This may cause corruption of the memory contents and/or read values when the set/reset is asserted and is not analyzed by the default static timing analysis. It is suggested to eliminate the use of a set/reset to registers driving this RAMB pin or else use a synchronous reset in which the assertion of the reset is timed by default.
Related violations: <none>

REQP-1839#6 Warning
RAMB36 async control check  
The RAMB36E1 snn/weight_ram/mem_reg_0 has an input control pin snn/weight_ram/mem_reg_0/ADDRARDADDR[2] (net: snn/weight_ram/Q[0]) which is driven by a register (snn/lu1/ram_addr_o_reg[0]) that has an active asychronous set or reset. This may cause corruption of the memory contents and/or read values when the set/reset is asserted and is not analyzed by the default static timing analysis. It is suggested to eliminate the use of a set/reset to registers driving this RAMB pin or else use a synchronous reset in which the assertion of the reset is timed by default.
Related violations: <none>

REQP-1839#7 Warning
RAMB36 async control check  
The RAMB36E1 snn/weight_ram/mem_reg_0 has an input control pin snn/weight_ram/mem_reg_0/ADDRARDADDR[3] (net: snn/weight_ram/Q[1]) which is driven by a register (snn/lu1/ram_addr_o_reg[1]) that has an active asychronous set or reset. This may cause corruption of the memory contents and/or read values when the set/reset is asserted and is not analyzed by the default static timing analysis. It is suggested to eliminate the use of a set/reset to registers driving this RAMB pin or else use a synchronous reset in which the assertion of the reset is timed by default.
Related violations: <none>

REQP-1839#8 Warning
RAMB36 async control check  
The RAMB36E1 snn/weight_ram/mem_reg_0 has an input control pin snn/weight_ram/mem_reg_0/ADDRARDADDR[4] (net: snn/weight_ram/Q[2]) which is driven by a register (snn/lu1/ram_addr_o_reg[2]) that has an active asychronous set or reset. This may cause corruption of the memory contents and/or read values when the set/reset is asserted and is not analyzed by the default static timing analysis. It is suggested to eliminate the use of a set/reset to registers driving this RAMB pin or else use a synchronous reset in which the assertion of the reset is timed by default.
Related violations: <none>

REQP-1839#9 Warning
RAMB36 async control check  
The RAMB36E1 snn/weight_ram/mem_reg_0 has an input control pin snn/weight_ram/mem_reg_0/ADDRARDADDR[5] (net: snn/weight_ram/Q[3]) which is driven by a register (snn/lu1/ram_addr_o_reg[3]) that has an active asychronous set or reset. This may cause corruption of the memory contents and/or read values when the set/reset is asserted and is not analyzed by the default static timing analysis. It is suggested to eliminate the use of a set/reset to registers driving this RAMB pin or else use a synchronous reset in which the assertion of the reset is timed by default.
Related violations: <none>

REQP-1839#10 Warning
RAMB36 async control check  
The RAMB36E1 snn/weight_ram/mem_reg_0 has an input control pin snn/weight_ram/mem_reg_0/ADDRARDADDR[6] (net: snn/weight_ram/Q[4]) which is driven by a register (snn/lu1/ram_addr_o_reg[4]) that has an active asychronous set or reset. This may cause corruption of the memory contents and/or read values when the set/reset is asserted and is not analyzed by the default static timing analysis. It is suggested to eliminate the use of a set/reset to registers driving this RAMB pin or else use a synchronous reset in which the assertion of the reset is timed by default.
Related violations: <none>

REQP-1839#11 Warning
RAMB36 async control check  
The RAMB36E1 snn/weight_ram/mem_reg_0 has an input control pin snn/weight_ram/mem_reg_0/ADDRARDADDR[7] (net: snn/weight_ram/Q[5]) which is driven by a register (snn/lu1/ram_addr_o_reg[5]) that has an active asychronous set or reset. This may cause corruption of the memory contents and/or read values when the set/reset is asserted and is not analyzed by the default static timing analysis. It is suggested to eliminate the use of a set/reset to registers driving this RAMB pin or else use a synchronous reset in which the assertion of the reset is timed by default.
Related violations: <none>

REQP-1839#12 Warning
RAMB36 async control check  
The RAMB36E1 snn/weight_ram/mem_reg_0 has an input control pin snn/weight_ram/mem_reg_0/ADDRARDADDR[8] (net: snn/weight_ram/Q[6]) which is driven by a register (snn/lu1/ram_addr_o_reg[6]) that has an active asychronous set or reset. This may cause corruption of the memory contents and/or read values when the set/reset is asserted and is not analyzed by the default static timing analysis. It is suggested to eliminate the use of a set/reset to registers driving this RAMB pin or else use a synchronous reset in which the assertion of the reset is timed by default.
Related violations: <none>

REQP-1839#13 Warning
RAMB36 async control check  
The RAMB36E1 snn/weight_ram/mem_reg_0 has an input control pin snn/weight_ram/mem_reg_0/ADDRARDADDR[9] (net: snn/weight_ram/Q[7]) which is driven by a register (snn/lu1/ram_addr_o_reg[7]) that has an active asychronous set or reset. This may cause corruption of the memory contents and/or read values when the set/reset is asserted and is not analyzed by the default static timing analysis. It is suggested to eliminate the use of a set/reset to registers driving this RAMB pin or else use a synchronous reset in which the assertion of the reset is timed by default.
Related violations: <none>

REQP-1839#14 Warning
RAMB36 async control check  
The RAMB36E1 snn/weight_ram/mem_reg_0 has an input control pin snn/weight_ram/mem_reg_0/ADDRBWRADDR[14] (net: snn/weight_ram/ADDRBWRADDR[12]) which is driven by a register (snn/ctrl_unit/layer_idx_reg) that has an active asychronous set or reset. This may cause corruption of the memory contents and/or read values when the set/reset is asserted and is not analyzed by the default static timing analysis. It is suggested to eliminate the use of a set/reset to registers driving this RAMB pin or else use a synchronous reset in which the assertion of the reset is timed by default.
Related violations: <none>

REQP-1839#15 Warning
RAMB36 async control check  
The RAMB36E1 snn/weight_ram/mem_reg_0 has an input control pin snn/weight_ram/mem_reg_0/ADDRBWRADDR[14] (net: snn/weight_ram/ADDRBWRADDR[12]) which is driven by a register (snn/ctrl_unit/loop_count_reg[1]) that has an active asychronous set or reset. This may cause corruption of the memory contents and/or read values when the set/reset is asserted and is not analyzed by the default static timing analysis. It is suggested to eliminate the use of a set/reset to registers driving this RAMB pin or else use a synchronous reset in which the assertion of the reset is timed by default.
Related violations: <none>

REQP-1839#16 Warning
RAMB36 async control check  
The RAMB36E1 snn/weight_ram/mem_reg_0 has an input control pin snn/weight_ram/mem_reg_0/ADDRBWRADDR[14] (net: snn/weight_ram/ADDRBWRADDR[12]) which is driven by a register (snn/ctrl_unit/loop_count_reg[2]) that has an active asychronous set or reset. This may cause corruption of the memory contents and/or read values when the set/reset is asserted and is not analyzed by the default static timing analysis. It is suggested to eliminate the use of a set/reset to registers driving this RAMB pin or else use a synchronous reset in which the assertion of the reset is timed by default.
Related violations: <none>

REQP-1839#17 Warning
RAMB36 async control check  
The RAMB36E1 snn/weight_ram/mem_reg_0 has an input control pin snn/weight_ram/mem_reg_0/ADDRBWRADDR[14] (net: snn/weight_ram/ADDRBWRADDR[12]) which is driven by a register (snn/ctrl_unit/loop_count_reg[3]) that has an active asychronous set or reset. This may cause corruption of the memory contents and/or read values when the set/reset is asserted and is not analyzed by the default static timing analysis. It is suggested to eliminate the use of a set/reset to registers driving this RAMB pin or else use a synchronous reset in which the assertion of the reset is timed by default.
Related violations: <none>

REQP-1839#18 Warning
RAMB36 async control check  
The RAMB36E1 snn/weight_ram/mem_reg_0 has an input control pin snn/weight_ram/mem_reg_0/ADDRBWRADDR[14] (net: snn/weight_ram/ADDRBWRADDR[12]) which is driven by a register (snn/ctrl_unit/spike_address_reg[9]) that has an active asychronous set or reset. This may cause corruption of the memory contents and/or read values when the set/reset is asserted and is not analyzed by the default static timing analysis. It is suggested to eliminate the use of a set/reset to registers driving this RAMB pin or else use a synchronous reset in which the assertion of the reset is timed by default.
Related violations: <none>

REQP-1839#19 Warning
RAMB36 async control check  
The RAMB36E1 snn/weight_ram/mem_reg_0 has an input control pin snn/weight_ram/mem_reg_0/ADDRBWRADDR[14] (net: snn/weight_ram/ADDRBWRADDR[12]) which is driven by a register (snn/ctrl_unit/state_reg[0]) that has an active asychronous set or reset. This may cause corruption of the memory contents and/or read values when the set/reset is asserted and is not analyzed by the default static timing analysis. It is suggested to eliminate the use of a set/reset to registers driving this RAMB pin or else use a synchronous reset in which the assertion of the reset is timed by default.
Related violations: <none>

REQP-1839#20 Warning
RAMB36 async control check  
The RAMB36E1 snn/weight_ram/mem_reg_0 has an input control pin snn/weight_ram/mem_reg_0/ADDRBWRADDR[14] (net: snn/weight_ram/ADDRBWRADDR[12]) which is driven by a register (snn/ctrl_unit/state_reg[2]) that has an active asychronous set or reset. This may cause corruption of the memory contents and/or read values when the set/reset is asserted and is not analyzed by the default static timing analysis. It is suggested to eliminate the use of a set/reset to registers driving this RAMB pin or else use a synchronous reset in which the assertion of the reset is timed by default.
Related violations: <none>

REQP-1840#1 Warning
RAMB18 async control check  
The RAMB18E1 snn/pre_time/tstep_mem_reg has an input control pin snn/pre_time/tstep_mem_reg/ADDRARDADDR[10] (net: snn/pre_time/aer_data_o[6]) which is driven by a register (snn/scan_mod/aer_data_o_reg[6]) that has an active asychronous set or reset. This may cause corruption of the memory contents and/or read values when the set/reset is asserted and is not analyzed by the default static timing analysis. It is suggested to eliminate the use of a set/reset to registers driving this RAMB pin or else use a synchronous reset in which the assertion of the reset is timed by default.
Related violations: <none>

REQP-1840#2 Warning
RAMB18 async control check  
The RAMB18E1 snn/pre_time/tstep_mem_reg has an input control pin snn/pre_time/tstep_mem_reg/ADDRARDADDR[11] (net: snn/pre_time/aer_data_o[7]) which is driven by a register (snn/scan_mod/aer_data_o_reg[7]) that has an active asychronous set or reset. This may cause corruption of the memory contents and/or read values when the set/reset is asserted and is not analyzed by the default static timing analysis. It is suggested to eliminate the use of a set/reset to registers driving this RAMB pin or else use a synchronous reset in which the assertion of the reset is timed by default.
Related violations: <none>

REQP-1840#3 Warning
RAMB18 async control check  
The RAMB18E1 snn/pre_time/tstep_mem_reg has an input control pin snn/pre_time/tstep_mem_reg/ADDRARDADDR[12] (net: snn/pre_time/aer_data_o[8]) which is driven by a register (snn/scan_mod/aer_data_o_reg[8]) that has an active asychronous set or reset. This may cause corruption of the memory contents and/or read values when the set/reset is asserted and is not analyzed by the default static timing analysis. It is suggested to eliminate the use of a set/reset to registers driving this RAMB pin or else use a synchronous reset in which the assertion of the reset is timed by default.
Related violations: <none>

REQP-1840#4 Warning
RAMB18 async control check  
The RAMB18E1 snn/pre_time/tstep_mem_reg has an input control pin snn/pre_time/tstep_mem_reg/ADDRARDADDR[13] (net: snn/pre_time/aer_data_o[9]) which is driven by a register (snn/scan_mod/aer_data_o_reg[9]) that has an active asychronous set or reset. This may cause corruption of the memory contents and/or read values when the set/reset is asserted and is not analyzed by the default static timing analysis. It is suggested to eliminate the use of a set/reset to registers driving this RAMB pin or else use a synchronous reset in which the assertion of the reset is timed by default.
Related violations: <none>

REQP-1840#5 Warning
RAMB18 async control check  
The RAMB18E1 snn/pre_time/tstep_mem_reg has an input control pin snn/pre_time/tstep_mem_reg/ADDRARDADDR[4] (net: snn/pre_time/aer_data_o[0]) which is driven by a register (snn/scan_mod/aer_data_o_reg[0]) that has an active asychronous set or reset. This may cause corruption of the memory contents and/or read values when the set/reset is asserted and is not analyzed by the default static timing analysis. It is suggested to eliminate the use of a set/reset to registers driving this RAMB pin or else use a synchronous reset in which the assertion of the reset is timed by default.
Related violations: <none>

REQP-1840#6 Warning
RAMB18 async control check  
The RAMB18E1 snn/pre_time/tstep_mem_reg has an input control pin snn/pre_time/tstep_mem_reg/ADDRARDADDR[5] (net: snn/pre_time/aer_data_o[1]) which is driven by a register (snn/scan_mod/aer_data_o_reg[1]) that has an active asychronous set or reset. This may cause corruption of the memory contents and/or read values when the set/reset is asserted and is not analyzed by the default static timing analysis. It is suggested to eliminate the use of a set/reset to registers driving this RAMB pin or else use a synchronous reset in which the assertion of the reset is timed by default.
Related violations: <none>

REQP-1840#7 Warning
RAMB18 async control check  
The RAMB18E1 snn/pre_time/tstep_mem_reg has an input control pin snn/pre_time/tstep_mem_reg/ADDRARDADDR[6] (net: snn/pre_time/aer_data_o[2]) which is driven by a register (snn/scan_mod/aer_data_o_reg[2]) that has an active asychronous set or reset. This may cause corruption of the memory contents and/or read values when the set/reset is asserted and is not analyzed by the default static timing analysis. It is suggested to eliminate the use of a set/reset to registers driving this RAMB pin or else use a synchronous reset in which the assertion of the reset is timed by default.
Related violations: <none>

REQP-1840#8 Warning
RAMB18 async control check  
The RAMB18E1 snn/pre_time/tstep_mem_reg has an input control pin snn/pre_time/tstep_mem_reg/ADDRARDADDR[7] (net: snn/pre_time/aer_data_o[3]) which is driven by a register (snn/scan_mod/aer_data_o_reg[3]) that has an active asychronous set or reset. This may cause corruption of the memory contents and/or read values when the set/reset is asserted and is not analyzed by the default static timing analysis. It is suggested to eliminate the use of a set/reset to registers driving this RAMB pin or else use a synchronous reset in which the assertion of the reset is timed by default.
Related violations: <none>

REQP-1840#9 Warning
RAMB18 async control check  
The RAMB18E1 snn/pre_time/tstep_mem_reg has an input control pin snn/pre_time/tstep_mem_reg/ADDRARDADDR[8] (net: snn/pre_time/aer_data_o[4]) which is driven by a register (snn/scan_mod/aer_data_o_reg[4]) that has an active asychronous set or reset. This may cause corruption of the memory contents and/or read values when the set/reset is asserted and is not analyzed by the default static timing analysis. It is suggested to eliminate the use of a set/reset to registers driving this RAMB pin or else use a synchronous reset in which the assertion of the reset is timed by default.
Related violations: <none>

REQP-1840#10 Warning
RAMB18 async control check  
The RAMB18E1 snn/pre_time/tstep_mem_reg has an input control pin snn/pre_time/tstep_mem_reg/ADDRARDADDR[9] (net: snn/pre_time/aer_data_o[5]) which is driven by a register (snn/scan_mod/aer_data_o_reg[5]) that has an active asychronous set or reset. This may cause corruption of the memory contents and/or read values when the set/reset is asserted and is not analyzed by the default static timing analysis. It is suggested to eliminate the use of a set/reset to registers driving this RAMB pin or else use a synchronous reset in which the assertion of the reset is timed by default.
Related violations: <none>

REQP-1840#11 Warning
RAMB18 async control check  
The RAMB18E1 snn/pre_time/tstep_mem_reg has an input control pin snn/pre_time/tstep_mem_reg/ADDRBWRADDR[10] (net: snn/pre_time/Q[6]) which is driven by a register (snn/lu1/ram_addr_o_reg[9]) that has an active asychronous set or reset. This may cause corruption of the memory contents and/or read values when the set/reset is asserted and is not analyzed by the default static timing analysis. It is suggested to eliminate the use of a set/reset to registers driving this RAMB pin or else use a synchronous reset in which the assertion of the reset is timed by default.
Related violations: <none>

REQP-1840#12 Warning
RAMB18 async control check  
The RAMB18E1 snn/pre_time/tstep_mem_reg has an input control pin snn/pre_time/tstep_mem_reg/ADDRBWRADDR[11] (net: snn/pre_time/Q[7]) which is driven by a register (snn/lu1/ram_addr_o_reg[10]) that has an active asychronous set or reset. This may cause corruption of the memory contents and/or read values when the set/reset is asserted and is not analyzed by the default static timing analysis. It is suggested to eliminate the use of a set/reset to registers driving this RAMB pin or else use a synchronous reset in which the assertion of the reset is timed by default.
Related violations: <none>

REQP-1840#13 Warning
RAMB18 async control check  
The RAMB18E1 snn/pre_time/tstep_mem_reg has an input control pin snn/pre_time/tstep_mem_reg/ADDRBWRADDR[12] (net: snn/pre_time/Q[8]) which is driven by a register (snn/lu1/ram_addr_o_reg[11]) that has an active asychronous set or reset. This may cause corruption of the memory contents and/or read values when the set/reset is asserted and is not analyzed by the default static timing analysis. It is suggested to eliminate the use of a set/reset to registers driving this RAMB pin or else use a synchronous reset in which the assertion of the reset is timed by default.
Related violations: <none>

REQP-1840#14 Warning
RAMB18 async control check  
The RAMB18E1 snn/pre_time/tstep_mem_reg has an input control pin snn/pre_time/tstep_mem_reg/ADDRBWRADDR[13] (net: snn/pre_time/Q[9]) which is driven by a register (snn/lu1/ram_addr_o_reg[12]) that has an active asychronous set or reset. This may cause corruption of the memory contents and/or read values when the set/reset is asserted and is not analyzed by the default static timing analysis. It is suggested to eliminate the use of a set/reset to registers driving this RAMB pin or else use a synchronous reset in which the assertion of the reset is timed by default.
Related violations: <none>

REQP-1840#15 Warning
RAMB18 async control check  
The RAMB18E1 snn/pre_time/tstep_mem_reg has an input control pin snn/pre_time/tstep_mem_reg/ADDRBWRADDR[4] (net: snn/pre_time/Q[0]) which is driven by a register (snn/lu1/ram_addr_o_reg[3]) that has an active asychronous set or reset. This may cause corruption of the memory contents and/or read values when the set/reset is asserted and is not analyzed by the default static timing analysis. It is suggested to eliminate the use of a set/reset to registers driving this RAMB pin or else use a synchronous reset in which the assertion of the reset is timed by default.
Related violations: <none>

REQP-1840#16 Warning
RAMB18 async control check  
The RAMB18E1 snn/pre_time/tstep_mem_reg has an input control pin snn/pre_time/tstep_mem_reg/ADDRBWRADDR[5] (net: snn/pre_time/Q[1]) which is driven by a register (snn/lu1/ram_addr_o_reg[4]) that has an active asychronous set or reset. This may cause corruption of the memory contents and/or read values when the set/reset is asserted and is not analyzed by the default static timing analysis. It is suggested to eliminate the use of a set/reset to registers driving this RAMB pin or else use a synchronous reset in which the assertion of the reset is timed by default.
Related violations: <none>

REQP-1840#17 Warning
RAMB18 async control check  
The RAMB18E1 snn/pre_time/tstep_mem_reg has an input control pin snn/pre_time/tstep_mem_reg/ADDRBWRADDR[6] (net: snn/pre_time/Q[2]) which is driven by a register (snn/lu1/ram_addr_o_reg[5]) that has an active asychronous set or reset. This may cause corruption of the memory contents and/or read values when the set/reset is asserted and is not analyzed by the default static timing analysis. It is suggested to eliminate the use of a set/reset to registers driving this RAMB pin or else use a synchronous reset in which the assertion of the reset is timed by default.
Related violations: <none>

REQP-1840#18 Warning
RAMB18 async control check  
The RAMB18E1 snn/pre_time/tstep_mem_reg has an input control pin snn/pre_time/tstep_mem_reg/ADDRBWRADDR[7] (net: snn/pre_time/Q[3]) which is driven by a register (snn/lu1/ram_addr_o_reg[6]) that has an active asychronous set or reset. This may cause corruption of the memory contents and/or read values when the set/reset is asserted and is not analyzed by the default static timing analysis. It is suggested to eliminate the use of a set/reset to registers driving this RAMB pin or else use a synchronous reset in which the assertion of the reset is timed by default.
Related violations: <none>

REQP-1840#19 Warning
RAMB18 async control check  
The RAMB18E1 snn/pre_time/tstep_mem_reg has an input control pin snn/pre_time/tstep_mem_reg/ADDRBWRADDR[8] (net: snn/pre_time/Q[4]) which is driven by a register (snn/lu1/ram_addr_o_reg[7]) that has an active asychronous set or reset. This may cause corruption of the memory contents and/or read values when the set/reset is asserted and is not analyzed by the default static timing analysis. It is suggested to eliminate the use of a set/reset to registers driving this RAMB pin or else use a synchronous reset in which the assertion of the reset is timed by default.
Related violations: <none>

REQP-1840#20 Warning
RAMB18 async control check  
The RAMB18E1 snn/pre_time/tstep_mem_reg has an input control pin snn/pre_time/tstep_mem_reg/ADDRBWRADDR[9] (net: snn/pre_time/Q[5]) which is driven by a register (snn/lu1/ram_addr_o_reg[8]) that has an active asychronous set or reset. This may cause corruption of the memory contents and/or read values when the set/reset is asserted and is not analyzed by the default static timing analysis. It is suggested to eliminate the use of a set/reset to registers driving this RAMB pin or else use a synchronous reset in which the assertion of the reset is timed by default.
Related violations: <none>


